2025-02-06 14:14:57,740 - INFO - Файл Frame_001.png переименован в Frame_001.png
2025-02-06 14:14:57,747 - INFO - Файл Frame_002.png переименован в Frame_002.png
2025-02-06 14:14:57,759 - INFO - Файл Frame_003.png переименован в Frame_003.png
2025-02-06 14:14:57,792 - INFO - Файл Frame_004.png переименован в Frame_004.png
2025-02-06 14:14:57,848 - INFO - Файл Frame_005.png переименован в Frame_005.png
2025-02-06 14:14:57,870 - INFO - Файл Frame_006.png переименован в Frame_006.png
2025-02-06 14:14:57,881 - INFO - Файл Frame_007.png переименован в Frame_007.png
2025-02-06 14:14:57,892 - INFO - Файл Frame_008.png переименован в Frame_008.png
2025-02-06 14:14:57,903 - INFO - Файл Frame_009.png переименован в Frame_009.png
2025-02-06 14:14:57,936 - INFO - Файл Frame_010.png переименован в Frame_010.png
2025-02-06 14:14:57,937 - INFO - Файл Frame_011.png переименован в Frame_011.png
2025-02-06 14:14:57,937 - INFO - Файл Frame_012.png переименован в Frame_012.png
2025-02-06 14:14:57,938 - INFO - Файл Frame_013.png переименован в Frame_013.png
2025-02-06 14:15:59,251 - INFO - Содержимое timecodes: [{'start': '00:00:06:16', 'end': '00:00:11:17'}, {'start': '00:00:47:22', 'end': '00:00:59:20'}, {'start': '00:01:50:06', 'end': '00:02:06:15'}, {'start': '00:03:10:20', 'end': '00:03:33:23'}, {'start': '00:03:40:05', 'end': '00:04:02:22'}, {'start': '00:04:45:15', 'end': '00:05:16:01'}, {'start': '00:05:17:10', 'end': '00:05:30:06'}, {'start': '00:06:51:01', 'end': '00:07:17:14'}, {'start': '00:07:44:13', 'end': '00:08:05:06'}, {'start': '00:08:53:14', 'end': '00:09:05:07'}, {'start': '00:09:42:14', 'end': '00:10:26:22'}, {'start': '00:11:04:05', 'end': '00:11:29:20'}, {'start': '00:11:31:02', 'end': '00:11:53:18'}, {'start': '00:12:26:12', 'end': '00:12:43:13'}]
2025-02-06 14:15:59,252 - INFO - Содержимое images: []
2025-02-06 14:15:59,252 - ERROR - Изображения не найдены в выбранной папке
2025-02-06 14:16:12,202 - INFO - Файл Frame_001.png переименован в Frame_001.png
2025-02-06 14:16:12,203 - INFO - Файл Frame_002.png переименован в Frame_002.png
2025-02-06 14:16:12,203 - INFO - Файл Frame_003.png переименован в Frame_003.png
2025-02-06 14:16:12,203 - INFO - Файл Frame_004.png переименован в Frame_004.png
2025-02-06 14:16:12,203 - INFO - Файл Frame_005.png переименован в Frame_005.png
2025-02-06 14:16:12,203 - INFO - Файл Frame_006.png переименован в Frame_006.png
2025-02-06 14:16:12,203 - INFO - Файл Frame_007.png переименован в Frame_007.png
2025-02-06 14:16:12,203 - INFO - Файл Frame_008.png переименован в Frame_008.png
2025-02-06 14:16:12,203 - INFO - Файл Frame_009.png переименован в Frame_009.png
2025-02-06 14:16:12,203 - INFO - Файл Frame_010.png переименован в Frame_010.png
2025-02-06 14:16:12,203 - INFO - Файл Frame_011.png переименован в Frame_011.png
2025-02-06 14:16:12,203 - INFO - Файл Frame_012.png переименован в Frame_012.png
2025-02-06 14:16:12,203 - INFO - Файл Frame_013.png переименован в Frame_013.png
2025-02-06 14:16:21,397 - INFO - Содержимое timecodes: [{'start': '00:00:06:16', 'end': '00:00:11:17'}, {'start': '00:00:47:22', 'end': '00:00:59:20'}, {'start': '00:01:50:06', 'end': '00:02:06:15'}, {'start': '00:03:10:20', 'end': '00:03:33:23'}, {'start': '00:03:40:05', 'end': '00:04:02:22'}, {'start': '00:04:45:15', 'end': '00:05:16:01'}, {'start': '00:05:17:10', 'end': '00:05:30:06'}, {'start': '00:06:51:01', 'end': '00:07:17:14'}, {'start': '00:07:44:13', 'end': '00:08:05:06'}, {'start': '00:08:53:14', 'end': '00:09:05:07'}, {'start': '00:09:42:14', 'end': '00:10:26:22'}, {'start': '00:11:04:05', 'end': '00:11:29:20'}, {'start': '00:11:31:02', 'end': '00:11:53:18'}, {'start': '00:12:26:12', 'end': '00:12:43:13'}]
2025-02-06 14:16:21,397 - INFO - Найдено изображение: D:/IND/2025/January/Tur.Obj_12/Graphiks\Frame_001.png
2025-02-06 14:16:21,397 - INFO - Найдено изображение: D:/IND/2025/January/Tur.Obj_12/Graphiks\Frame_002.png
2025-02-06 14:16:21,397 - INFO - Найдено изображение: D:/IND/2025/January/Tur.Obj_12/Graphiks\Frame_003.png
2025-02-06 14:16:21,397 - INFO - Найдено изображение: D:/IND/2025/January/Tur.Obj_12/Graphiks\Frame_004.png
2025-02-06 14:16:21,397 - INFO - Найдено изображение: D:/IND/2025/January/Tur.Obj_12/Graphiks\Frame_005.png
2025-02-06 14:16:21,397 - INFO - Найдено изображение: D:/IND/2025/January/Tur.Obj_12/Graphiks\Frame_006.png
2025-02-06 14:16:21,397 - INFO - Найдено изображение: D:/IND/2025/January/Tur.Obj_12/Graphiks\Frame_007.png
2025-02-06 14:16:21,397 - INFO - Найдено изображение: D:/IND/2025/January/Tur.Obj_12/Graphiks\Frame_008.png
2025-02-06 14:16:21,397 - INFO - Найдено изображение: D:/IND/2025/January/Tur.Obj_12/Graphiks\Frame_009.png
2025-02-06 14:16:21,398 - INFO - Найдено изображение: D:/IND/2025/January/Tur.Obj_12/Graphiks\Frame_010.png
2025-02-06 14:16:21,398 - INFO - Найдено изображение: D:/IND/2025/January/Tur.Obj_12/Graphiks\Frame_011.png
2025-02-06 14:16:21,398 - INFO - Найдено изображение: D:/IND/2025/January/Tur.Obj_12/Graphiks\Frame_012.png
2025-02-06 14:16:21,398 - INFO - Найдено изображение: D:/IND/2025/January/Tur.Obj_12/Graphiks\Frame_013.png
2025-02-06 14:16:21,398 - INFO - Содержимое images: ['D:/IND/2025/January/Tur.Obj_12/Graphiks\\Frame_001.png', 'D:/IND/2025/January/Tur.Obj_12/Graphiks\\Frame_002.png', 'D:/IND/2025/January/Tur.Obj_12/Graphiks\\Frame_003.png', 'D:/IND/2025/January/Tur.Obj_12/Graphiks\\Frame_004.png', 'D:/IND/2025/January/Tur.Obj_12/Graphiks\\Frame_005.png', 'D:/IND/2025/January/Tur.Obj_12/Graphiks\\Frame_006.png', 'D:/IND/2025/January/Tur.Obj_12/Graphiks\\Frame_007.png', 'D:/IND/2025/January/Tur.Obj_12/Graphiks\\Frame_008.png', 'D:/IND/2025/January/Tur.Obj_12/Graphiks\\Frame_009.png', 'D:/IND/2025/January/Tur.Obj_12/Graphiks\\Frame_010.png', 'D:/IND/2025/January/Tur.Obj_12/Graphiks\\Frame_011.png', 'D:/IND/2025/January/Tur.Obj_12/Graphiks\\Frame_012.png', 'D:/IND/2025/January/Tur.Obj_12/Graphiks\\Frame_013.png']
2025-02-06 14:16:21,398 - ERROR - Количество временных кодов не совпадает с количеством изображений
2025-02-06 14:16:37,199 - INFO - Файл Frame_001.png переименован в Frame_001.png
2025-02-06 14:16:37,200 - INFO - Файл Frame_002.png переименован в Frame_002.png
2025-02-06 14:16:37,200 - INFO - Файл Frame_003.png переименован в Frame_003.png
2025-02-06 14:16:37,201 - INFO - Файл Frame_004.png переименован в Frame_004.png
2025-02-06 14:16:37,201 - INFO - Файл Frame_005.png переименован в Frame_005.png
2025-02-06 14:16:37,202 - INFO - Файл Frame_006.png переименован в Frame_006.png
2025-02-06 14:16:37,202 - INFO - Файл Frame_007.png переименован в Frame_007.png
2025-02-06 14:16:37,203 - INFO - Файл Frame_008.png переименован в Frame_008.png
2025-02-06 14:16:37,203 - INFO - Файл Frame_009.png переименован в Frame_009.png
2025-02-06 14:16:37,204 - INFO - Файл Frame_010.png переименован в Frame_010.png
2025-02-06 14:16:37,204 - INFO - Файл Frame_011.png переименован в Frame_011.png
2025-02-06 14:16:37,205 - INFO - Файл Frame_012.png переименован в Frame_012.png
2025-02-06 14:16:37,205 - INFO - Файл Frame_013.png переименован в Frame_013.png
2025-02-06 14:16:59,424 - INFO - Содержимое timecodes: [{'start': '00:00:06:11', 'end': '00:00:19:13'}, {'start': '00:00:57:24', 'end': '00:01:10:13'}, {'start': '00:01:14:06', 'end': '00:01:40:08'}, {'start': '00:01:44:11', 'end': '00:02:04:06'}, {'start': '00:02:16:04', 'end': '00:02:25:04'}, {'start': '00:02:23:13', 'end': '00:02:38:19'}, {'start': '00:02:36:23', 'end': '00:02:50:20'}, {'start': '00:03:23:10', 'end': '00:03:50:21'}, {'start': '00:06:58:01', 'end': '00:07:26:20'}, {'start': '00:07:31:13', 'end': '00:07:43:11'}, {'start': '00:07:50:16', 'end': '00:08:00:07'}, {'start': '00:08:04:06', 'end': '00:08:18:01'}, {'start': '00:08:13:14', 'end': '00:08:37:18'}]
2025-02-06 14:16:59,424 - INFO - Найдено изображение: D:/IND/2025/January/Tur.Obj_12/Graphiks\Frame_001.png
2025-02-06 14:16:59,424 - INFO - Найдено изображение: D:/IND/2025/January/Tur.Obj_12/Graphiks\Frame_002.png
2025-02-06 14:16:59,424 - INFO - Найдено изображение: D:/IND/2025/January/Tur.Obj_12/Graphiks\Frame_003.png
2025-02-06 14:16:59,424 - INFO - Найдено изображение: D:/IND/2025/January/Tur.Obj_12/Graphiks\Frame_004.png
2025-02-06 14:16:59,424 - INFO - Найдено изображение: D:/IND/2025/January/Tur.Obj_12/Graphiks\Frame_005.png
2025-02-06 14:16:59,424 - INFO - Найдено изображение: D:/IND/2025/January/Tur.Obj_12/Graphiks\Frame_006.png
2025-02-06 14:16:59,424 - INFO - Найдено изображение: D:/IND/2025/January/Tur.Obj_12/Graphiks\Frame_007.png
2025-02-06 14:16:59,424 - INFO - Найдено изображение: D:/IND/2025/January/Tur.Obj_12/Graphiks\Frame_008.png
2025-02-06 14:16:59,424 - INFO - Найдено изображение: D:/IND/2025/January/Tur.Obj_12/Graphiks\Frame_009.png
2025-02-06 14:16:59,425 - INFO - Найдено изображение: D:/IND/2025/January/Tur.Obj_12/Graphiks\Frame_010.png
2025-02-06 14:16:59,425 - INFO - Найдено изображение: D:/IND/2025/January/Tur.Obj_12/Graphiks\Frame_011.png
2025-02-06 14:16:59,425 - INFO - Найдено изображение: D:/IND/2025/January/Tur.Obj_12/Graphiks\Frame_012.png
2025-02-06 14:16:59,425 - INFO - Найдено изображение: D:/IND/2025/January/Tur.Obj_12/Graphiks\Frame_013.png
2025-02-06 14:16:59,425 - INFO - Содержимое images: ['D:/IND/2025/January/Tur.Obj_12/Graphiks\\Frame_001.png', 'D:/IND/2025/January/Tur.Obj_12/Graphiks\\Frame_002.png', 'D:/IND/2025/January/Tur.Obj_12/Graphiks\\Frame_003.png', 'D:/IND/2025/January/Tur.Obj_12/Graphiks\\Frame_004.png', 'D:/IND/2025/January/Tur.Obj_12/Graphiks\\Frame_005.png', 'D:/IND/2025/January/Tur.Obj_12/Graphiks\\Frame_006.png', 'D:/IND/2025/January/Tur.Obj_12/Graphiks\\Frame_007.png', 'D:/IND/2025/January/Tur.Obj_12/Graphiks\\Frame_008.png', 'D:/IND/2025/January/Tur.Obj_12/Graphiks\\Frame_009.png', 'D:/IND/2025/January/Tur.Obj_12/Graphiks\\Frame_010.png', 'D:/IND/2025/January/Tur.Obj_12/Graphiks\\Frame_011.png', 'D:/IND/2025/January/Tur.Obj_12/Graphiks\\Frame_012.png', 'D:/IND/2025/January/Tur.Obj_12/Graphiks\\Frame_013.png']
2025-02-06 14:17:00,588 - INFO - Выходной файл CSV успешно создан: D:/IND/2025/January/Tur.Obj_18/CSV IN\output.csv
2025-02-06 14:44:05,662 - INFO - Файл Frame_001.png переименован в Frame_001.png
2025-02-06 14:44:05,662 - INFO - Файл Frame_002.png переименован в Frame_002.png
2025-02-06 14:44:05,663 - INFO - Файл Frame_003.png переименован в Frame_003.png
2025-02-06 14:44:05,663 - INFO - Файл Frame_004.png переименован в Frame_004.png
2025-02-06 14:44:05,663 - INFO - Файл Frame_005.png переименован в Frame_005.png
2025-02-06 14:44:05,663 - INFO - Файл Frame_006.png переименован в Frame_006.png
2025-02-06 14:44:17,526 - INFO - Содержимое timecodes: [{'start': '00:00:42:06', 'end': '00:01:02:13'}, {'start': '00:01:23:09', 'end': '00:01:43:08'}, {'start': '00:01:52:04', 'end': '00:02:10:00'}, {'start': '00:03:34:18', 'end': '00:03:52:14'}, {'start': '00:04:54:18', 'end': '00:05:06:18'}, {'start': '00:07:17:18', 'end': '00:07:17:19'}]
2025-02-06 14:44:17,526 - INFO - Найдено изображение: D:/IND/2025/January/Tur.Obj_21/Graphiks\Frame_001.png
2025-02-06 14:44:17,526 - INFO - Найдено изображение: D:/IND/2025/January/Tur.Obj_21/Graphiks\Frame_002.png
2025-02-06 14:44:17,526 - INFO - Найдено изображение: D:/IND/2025/January/Tur.Obj_21/Graphiks\Frame_003.png
2025-02-06 14:44:17,526 - INFO - Найдено изображение: D:/IND/2025/January/Tur.Obj_21/Graphiks\Frame_004.png
2025-02-06 14:44:17,526 - INFO - Найдено изображение: D:/IND/2025/January/Tur.Obj_21/Graphiks\Frame_005.png
2025-02-06 14:44:17,526 - INFO - Найдено изображение: D:/IND/2025/January/Tur.Obj_21/Graphiks\Frame_006.png
2025-02-06 14:44:17,526 - INFO - Содержимое images: ['D:/IND/2025/January/Tur.Obj_21/Graphiks\\Frame_001.png', 'D:/IND/2025/January/Tur.Obj_21/Graphiks\\Frame_002.png', 'D:/IND/2025/January/Tur.Obj_21/Graphiks\\Frame_003.png', 'D:/IND/2025/January/Tur.Obj_21/Graphiks\\Frame_004.png', 'D:/IND/2025/January/Tur.Obj_21/Graphiks\\Frame_005.png', 'D:/IND/2025/January/Tur.Obj_21/Graphiks\\Frame_006.png']
2025-02-06 14:44:18,654 - INFO - Выходной файл CSV успешно создан: D:/IND/2025/January/Tur.Obj_21/CSV IN\output.csv
